<?xml version="1.0" encoding="UTF-8"?>
<testng-results skipped="2" failed="1" total="3" passed="0">
  <reporter-output>
  </reporter-output>
  <suite name="Default suite" duration-ms="6135" started-at="2017-03-30T12:19:56Z" finished-at="2017-03-30T12:20:02Z">
    <groups>
    </groups>
    <test name="Default test" duration-ms="6135" started-at="2017-03-30T12:19:56Z" finished-at="2017-03-30T12:20:02Z">
      <class name="pack.LoginTest">
        <test-method status="PASS" signature="setup()[pri:0, instance:pack.LoginTest@ae45eb6]" name="setup" is-config="true" duration-ms="2863" started-at="2017-03-30T15:19:56Z" finished-at="2017-03-30T15:19:59Z">
          <reporter-output>
          </reporter-output>
        </test-method> <!-- setup -->
        <test-method status="FAIL" signature="loadPage()[pri:0, instance:pack.LoginTest@ae45eb6]" name="loadPage" duration-ms="1152" started-at="2017-03-30T15:19:59Z" finished-at="2017-03-30T15:20:00Z">
          <exception class="java.lang.AssertionError">
            <message>
              <![CDATA[expected [Facebook - Log In or Sign Up] but found [Добро пожаловать на Фейсбук - заходите, регистрируйтесь и находите друзей.]]]>
            </message>
            <full-stacktrace>
              <![CDATA[java.lang.AssertionError: expected [Facebook - Log In or Sign Up] but found [Добро пожаловать на Фейсбук - заходите, регистрируйтесь и находите друзей.]
	at org.testng.Assert.fail(Assert.java:94)
	at org.testng.Assert.failNotEquals(Assert.java:494)
	at org.testng.Assert.assertEquals(Assert.java:123)
	at org.testng.Assert.assertEquals(Assert.java:176)
	at org.testng.Assert.assertEquals(Assert.java:186)
	at pack.LoginTest.loadPage(LoginTest.java:33)
	at sun.reflect.NativeMethodAccessorImpl.invoke0(Native Method)
	at sun.reflect.NativeMethodAccessorImpl.invoke(Unknown Source)
	at sun.reflect.DelegatingMethodAccessorImpl.invoke(Unknown Source)
	at java.lang.reflect.Method.invoke(Unknown Source)
	at org.testng.internal.MethodInvocationHelper.invokeMethod(MethodInvocationHelper.java:80)
	at org.testng.internal.Invoker.invokeMethod(Invoker.java:714)
	at org.testng.internal.Invoker.invokeTestMethod(Invoker.java:901)
	at org.testng.internal.Invoker.invokeTestMethods(Invoker.java:1231)
	at org.testng.internal.TestMethodWorker.invokeTestMethods(TestMethodWorker.java:127)
	at org.testng.internal.TestMethodWorker.run(TestMethodWorker.java:111)
	at org.testng.TestRunner.privateRun(TestRunner.java:767)
	at org.testng.TestRunner.run(TestRunner.java:617)
	at org.testng.SuiteRunner.runTest(SuiteRunner.java:334)
	at org.testng.SuiteRunner.runSequentially(SuiteRunner.java:329)
	at org.testng.SuiteRunner.privateRun(SuiteRunner.java:291)
	at org.testng.SuiteRunner.run(SuiteRunner.java:240)
	at org.testng.SuiteRunnerWorker.runSuite(SuiteRunnerWorker.java:52)
	at org.testng.SuiteRunnerWorker.run(SuiteRunnerWorker.java:86)
	at org.testng.TestNG.runSuitesSequentially(TestNG.java:1198)
	at org.testng.TestNG.runSuitesLocally(TestNG.java:1123)
	at org.testng.TestNG.run(TestNG.java:1031)
	at org.testng.remote.AbstractRemoteTestNG.run(AbstractRemoteTestNG.java:132)
	at org.testng.remote.RemoteTestNG.initAndRun(RemoteTestNG.java:230)
	at org.testng.remote.RemoteTestNG.main(RemoteTestNG.java:76)
]]>
            </full-stacktrace>
          </exception> <!-- java.lang.AssertionError -->
          <reporter-output>
          </reporter-output>
        </test-method> <!-- loadPage -->
        <test-method status="SKIP" signature="setLogin()[pri:0, instance:pack.LoginTest@ae45eb6]" name="setLogin" duration-ms="0" started-at="2017-03-30T15:20:00Z" depends-on-methods="pack.LoginTest.loadPage" finished-at="2017-03-30T15:20:00Z">
          <reporter-output>
          </reporter-output>
        </test-method> <!-- setLogin -->
        <test-method status="SKIP" signature="setPassword()[pri:0, instance:pack.LoginTest@ae45eb6]" name="setPassword" duration-ms="0" started-at="2017-03-30T15:20:00Z" depends-on-methods="pack.LoginTest.setLogin" finished-at="2017-03-30T15:20:00Z">
          <reporter-output>
          </reporter-output>
        </test-method> <!-- setPassword -->
        <test-method status="PASS" signature="exitBrowser()[pri:0, instance:pack.LoginTest@ae45eb6]" name="exitBrowser" is-config="true" duration-ms="2097" started-at="2017-03-30T15:20:00Z" finished-at="2017-03-30T15:20:02Z">
          <reporter-output>
          </reporter-output>
        </test-method> <!-- exitBrowser -->
      </class> <!-- pack.LoginTest -->
    </test> <!-- Default test -->
  </suite> <!-- Default suite -->
</testng-results>
